<?xml version="1.0" encoding="UTF-8"?>
<!-- Generated by org.testng.reporters.JUnitReportReporter -->
<testsuite skipped="0" hostname="123m" name="NextProject.Testng" tests="1" failures="0" timestamp="30 Sep 2019 05:18:04 GMT" time="0.023" errors="0">
  <testcase name="TestDemo" time="0.023" classname="NextProject.Testng"/>
</testsuite> <!-- NextProject.Testng -->
