<?xml version="1.0" encoding="UTF-8"?>
<!-- Generated by org.testng.reporters.JUnitReportReporter -->
<testsuite skipped="0" hostname="123m" name="NextProject.DemoTestNg" tests="3" failures="0" timestamp="27 Sep 2019 06:42:44 GMT" time="101.223" errors="0">
  <testcase name="demo3" time="43.953" classname="NextProject.DemoTestNg"/>
  <testcase name="demo2" time="19.017" classname="NextProject.DemoTestNg"/>
  <testcase name="demo1" time="38.253" classname="NextProject.DemoTestNg"/>
</testsuite> <!-- NextProject.DemoTestNg -->
