<?xml version="1.0" encoding="UTF-8"?>
<!-- Generated by org.testng.reporters.JUnitReportReporter -->
<testsuite skipped="1" hostname="123m" name="NextProject.Testng4" tests="5" failures="0" timestamp="30 Sep 2019 06:14:00 GMT" time="0.034" errors="0">
  <testcase name="TestDemo3" time="0.015" classname="NextProject.Testng4"/>
  <testcase name="TestDemo4" time="0.000" classname="NextProject.Testng4"/>
  <testcase name="TestDemo2" time="0.000" classname="NextProject.Testng4"/>
  <testcase name="TestDemo1" time="0.019" classname="NextProject.Testng4"/>
  <testcase name="TestDemo5" classname="NextProject.Testng4">
    <skipped/>
  </testcase> <!-- TestDemo5 -->
</testsuite> <!-- NextProject.Testng4 -->
