<?xml version="1.0" encoding="UTF-8"?>
<!-- Generated by org.testng.reporters.JUnitReportReporter -->
<testsuite skipped="0" hostname="123m" name="selenium.TestData" tests="3" failures="0" timestamp="01 Oct 2019 06:27:07 GMT" time="0.063" errors="0">
  <testcase name="test" time="0.047" classname="selenium.TestData"/>
  <testcase name="test" time="0.016" classname="selenium.TestData"/>
  <testcase name="test" time="0.000" classname="selenium.TestData"/>
</testsuite> <!-- selenium.TestData -->
