<?xml version="1.0" encoding="UTF-8"?>
<!-- Generated by org.testng.reporters.JUnitReportReporter -->
<testsuite skipped="0" hostname="123m" name="NextProject.Testng2" tests="6" failures="0" timestamp="30 Sep 2019 05:39:31 GMT" time="0.042" errors="0">
  <testcase name="TestDemo1" time="0.011" classname="NextProject.Testng2"/>
  <testcase name="TestDemo" time="0.000" classname="NextProject.Testng2"/>
  <testcase name="TestDemo" time="0.016" classname="NextProject.Testng2"/>
  <testcase name="TestDemo" time="0.000" classname="NextProject.Testng2"/>
  <testcase name="TestDemo" time="0.015" classname="NextProject.Testng2"/>
  <testcase name="TestDemo" time="0.000" classname="NextProject.Testng2"/>
</testsuite> <!-- NextProject.Testng2 -->
