<?xml version="1.0" encoding="UTF-8"?>
<!-- Generated by org.testng.reporters.JUnitReportReporter -->
<testsuite skipped="0" hostname="123m" name="NextProject.Testng3" tests="3" failures="0" timestamp="30 Sep 2019 05:55:10 GMT" time="0.036" errors="0">
  <testcase name="TestDemo3" time="0.000" classname="NextProject.Testng3"/>
  <testcase name="TestDemo2" time="0.016" classname="NextProject.Testng3"/>
  <testcase name="TestDemo1" time="0.020" classname="NextProject.Testng3"/>
</testsuite> <!-- NextProject.Testng3 -->
