<?xml version="1.0" encoding="UTF-8"?>
<!-- Generated by org.testng.reporters.JUnitReportReporter -->
<testsuite skipped="0" hostname="123m" name="selenium.Testng7" tests="3" failures="0" timestamp="01 Oct 2019 05:21:36 GMT" time="0.027" errors="0">
  <testcase name="demo" time="0.004" classname="selenium.Testng7"/>
  <testcase name="demo" time="0.003" classname="selenium.Testng7"/>
  <testcase name="demo" time="0.020" classname="selenium.Testng7"/>
</testsuite> <!-- selenium.Testng7 -->
